1517749721879	geckodriver	INFO	geckodriver 0.19.1
1517749721894	geckodriver	INFO	Listening on 127.0.0.1:51546
1517749729654	mozrunner::runner	INFO	Running command: "C:\\Program Files (x86)\\Mozilla Firefox\\firefox.exe" "-marionette" "-profile" "C:\\Users\\Johns\\AppData\\Local\\Temp\\rust_mozprofile.G1AVrCO6Isb3"
1517749995179	geckodriver	INFO	geckodriver 0.19.1
1517749995196	geckodriver	INFO	Listening on 127.0.0.1:51900
1517749998349	mozrunner::runner	INFO	Running command: "C:\\Program Files (x86)\\Mozilla Firefox\\firefox.exe" "-marionette" "-profile" "C:\\Users\\Johns\\AppData\\Local\\Temp\\rust_mozprofile.sh90E4R2iJOF"
1517750001183	Marionette	INFO	Enabled via --marionette
Unable to read VR Path Registry from C:\Users\Johns\AppData\Local\openvr\openvrpaths.vrpath
[Child 10356, Chrome_ChildThread] WARNING: pipe error: 109: file z:/build/build/src/ipc/chromium/src/chrome/common/ipc_channel_win.cc, line 346
[Child 10356, Chrome_ChildThread] WARNING: pipe error: 109: file z:/build/build/src/ipc/chromium/src/chrome/common/ipc_channel_win.cc, line 346
1517750014871	Marionette	INFO	Listening on port 51910
1517750020067	Marionette	WARN	TLS certificate errors will be ignored for this session
Unable to read VR Path Registry from C:\Users\Johns\AppData\Local\openvr\openvrpaths.vrpath
[Child 4720, Chrome_ChildThread] WARNING: pipe error: 109: file z:/build/build/src/ipc/chromium/src/chrome/common/ipc_channel_win.cc, line 346
[Child 4720, Chrome_ChildThread] WARNING: pipe error: 109: file z:/build/build/src/ipc/chromium/src/chrome/common/ipc_channel_win.cc, line 346
Unable to read VR Path Registry from C:\Users\Johns\AppData\Local\openvr\openvrpaths.vrpath
[Child 4228, Chrome_ChildThread] WARNING: pipe error: 109: file z:/build/build/src/ipc/chromium/src/chrome/common/ipc_channel_win.cc, line 346
[Child 4228, Chrome_ChildThread] WARNING: pipe error: 109: file z:/build/build/src/ipc/chromium/src/chrome/common/ipc_channel_win.cc, line 346
Unable to read VR Path Registry from C:\Users\Johns\AppData\Local\openvr\openvrpaths.vrpath
[Parent 6648, Gecko_IOThread] WARNING: pipe error: 109: file z:/build/build/src/ipc/chromium/src/chrome/common/ipc_channel_win.cc, line 346
Unable to read VR Path Registry from C:\Users\Johns\AppData\Local\openvr\openvrpaths.vrpath
[Child 6040, Chrome_ChildThread] WARNING: pipe error: 109: file z:/build/build/src/ipc/chromium/src/chrome/common/ipc_channel_win.cc, line 346
[Child 6040, Chrome_ChildThread] WARNING: pipe error: 109: file z:/build/build/src/ipc/chromium/src/chrome/common/ipc_channel_win.cc, line 346
*** UTM:SVC TimerManager:registerTimer called after profile-before-change notification. Ignoring timer registration for id: telemetry_modules_ping

###!!! [Child][MessageChannel::SendAndWait] Error: Channel error: cannot send/recv

1517751226563	geckodriver	INFO	geckodriver 0.19.1
1517751226575	geckodriver	INFO	Listening on 127.0.0.1:53796
1517751229695	mozrunner::runner	INFO	Running command: "C:\\Program Files (x86)\\Mozilla Firefox\\firefox.exe" "-marionette" "-profile" "C:\\Users\\Johns\\AppData\\Local\\Temp\\rust_mozprofile.6EmI7fWANbZ9"
1517751230782	Marionette	INFO	Enabled via --marionette
1517751234738	Marionette	INFO	Listening on port 53805
1517751234943	Marionette	WARN	TLS certificate errors will be ignored for this session
Unable to read VR Path Registry from C:\Users\Johns\AppData\Local\openvr\openvrpaths.vrpath
[Parent 2416, Gecko_IOThread] WARNING: pipe error: 109: file z:/build/build/src/ipc/chromium/src/chrome/common/ipc_channel_win.cc, line 346
Unable to read VR Path Registry from C:\Users\Johns\AppData\Local\openvr\openvrpaths.vrpath
[Child 10860, Chrome_ChildThread] WARNING: pipe error: 109: file z:/build/build/src/ipc/chromium/src/chrome/common/ipc_channel_win.cc, line 346
[Child 10860, Chrome_ChildThread] WARNING: pipe error: 109: file z:/build/build/src/ipc/chromium/src/chrome/common/ipc_channel_win.cc, line 346
[Parent 2416, Gecko_IOThread] WARNING: pipe error: 109: file z:/build/build/src/ipc/chromium/src/chrome/common/ipc_channel_win.cc, line 346
[Parent 2416, Gecko_IOThread] WARNING: pipe error: 109: file z:/build/build/src/ipc/chromium/src/chrome/common/ipc_channel_win.cc, line 346
Unable to read VR Path Registry from C:\Users\Johns\AppData\Local\openvr\openvrpaths.vrpath
[Child 8180, Chrome_ChildThread] WARNING: pipe error: 109: file z:/build/build/src/ipc/chromium/src/chrome/common/ipc_channel_win.cc, line 346
[Child 8180, Chrome_ChildThread] WARNING: pipe error: 109: file z:/build/build/src/ipc/chromium/src/chrome/common/ipc_channel_win.cc, line 346
Unable to read VR Path Registry from C:\Users\Johns\AppData\Local\openvr\openvrpaths.vrpath
[Child 14800, Chrome_ChildThread] WARNING: pipe error: 109: file z:/build/build/src/ipc/chromium/src/chrome/common/ipc_channel_win.cc, line 346
[Child 14800, Chrome_ChildThread] WARNING: pipe error: 109: file z:/build/build/src/ipc/chromium/src/chrome/common/ipc_channel_win.cc, line 346
*** UTM:SVC TimerManager:registerTimer called after profile-before-change notification. Ignoring timer registration for id: telemetry_modules_ping

###!!! [Child][MessageChannel::SendAndWait] Error: Channel error: cannot send/recv

1517751274887	geckodriver	INFO	geckodriver 0.19.1
1517751274899	geckodriver	INFO	Listening on 127.0.0.1:53869
1517751278011	mozrunner::runner	INFO	Running command: "C:\\Program Files (x86)\\Mozilla Firefox\\firefox.exe" "-marionette" "-profile" "C:\\Users\\Johns\\AppData\\Local\\Temp\\rust_mozprofile.NDs5JknbvI0y"
1517751279227	Marionette	INFO	Enabled via --marionette
1517751283624	Marionette	INFO	Listening on port 53881
1517751283746	Marionette	WARN	TLS certificate errors will be ignored for this session
Unable to read VR Path Registry from C:\Users\Johns\AppData\Local\openvr\openvrpaths.vrpath
[Parent 4672, Gecko_IOThread] WARNING: pipe error: 109: file z:/build/build/src/ipc/chromium/src/chrome/common/ipc_channel_win.cc, line 346
[Parent 4672, Gecko_IOThread] WARNING: pipe error: 109: file z:/build/build/src/ipc/chromium/src/chrome/common/ipc_channel_win.cc, line 346
Unable to read VR Path Registry from C:\Users\Johns\AppData\Local\openvr\openvrpaths.vrpath
[Child 9404, Chrome_ChildThread] WARNING: pipe error: 109: file z:/build/build/src/ipc/chromium/src/chrome/common/ipc_channel_win.cc, line 346
[Child 9404, Chrome_ChildThread] WARNING: pipe error: 109: file z:/build/build/src/ipc/chromium/src/chrome/common/ipc_channel_win.cc, line 346
Unable to read VR Path Registry from C:\Users\Johns\AppData\Local\openvr\openvrpaths.vrpath
[Child 15916, Chrome_ChildThread] WARNING: pipe error: 109: file z:/build/build/src/ipc/chromium/src/chrome/common/ipc_channel_win.cc, line 346
[Child 15916, Chrome_ChildThread] WARNING: pipe error: 109: file z:/build/build/src/ipc/chromium/src/chrome/common/ipc_channel_win.cc, line 346
[Parent 4672, Gecko_IOThread] WARNING: pipe error: 109: file z:/build/build/src/ipc/chromium/src/chrome/common/ipc_channel_win.cc, line 346
*** UTM:SVC TimerManager:registerTimer called after profile-before-change notification. Ignoring timer registration for id: telemetry_modules_ping

###!!! [Child][MessageChannel::SendAndWait] Error: Channel error: cannot send/recv

1517751351384	geckodriver	INFO	geckodriver 0.19.1
1517751351396	geckodriver	INFO	Listening on 127.0.0.1:53956
1517751354515	mozrunner::runner	INFO	Running command: "C:\\Program Files (x86)\\Mozilla Firefox\\firefox.exe" "-marionette" "-profile" "C:\\Users\\Johns\\AppData\\Local\\Temp\\rust_mozprofile.lznQjk8riaJK"
1517751355605	Marionette	INFO	Enabled via --marionette
1517751359848	Marionette	INFO	Listening on port 53964
1517751360252	Marionette	WARN	TLS certificate errors will be ignored for this session
1517751405095	geckodriver	INFO	geckodriver 0.19.1
1517751405106	geckodriver	INFO	Listening on 127.0.0.1:54082
1517751408215	mozrunner::runner	INFO	Running command: "C:\\Program Files (x86)\\Mozilla Firefox\\firefox.exe" "-marionette" "-profile" "C:\\Users\\Johns\\AppData\\Local\\Temp\\rust_mozprofile.4ZD9K6LlsSwX"
1517751409413	Marionette	INFO	Enabled via --marionette
1517751413356	Marionette	INFO	Listening on port 54092
1517751413476	Marionette	WARN	TLS certificate errors will be ignored for this session
1517751496333	geckodriver	INFO	geckodriver 0.19.1
1517751496345	geckodriver	INFO	Listening on 127.0.0.1:54204
1517751499484	mozrunner::runner	INFO	Running command: "C:\\Program Files (x86)\\Mozilla Firefox\\firefox.exe" "-marionette" "-profile" "C:\\Users\\Johns\\AppData\\Local\\Temp\\rust_mozprofile.vjYmi6yw9s60"
1517751500673	Marionette	INFO	Enabled via --marionette
1517751504399	Marionette	INFO	Listening on port 54216
1517751504761	Marionette	WARN	TLS certificate errors will be ignored for this session
Unable to read VR Path Registry from C:\Users\Johns\AppData\Local\openvr\openvrpaths.vrpath
[Child 14472, Chrome_ChildThread] WARNING: pipe error: 109: file z:/build/build/src/ipc/chromium/src/chrome/common/ipc_channel_win.cc, line 346
[Child 14472, Chrome_ChildThread] WARNING: pipe error: 109: file z:/build/build/src/ipc/chromium/src/chrome/common/ipc_channel_win.cc, line 346
Unable to read VR Path Registry from C:\Users\Johns\AppData\Local\openvr\openvrpaths.vrpath
[Child 14728, Chrome_ChildThread] WARNING: pipe error: 109: file z:/build/build/src/ipc/chromium/src/chrome/common/ipc_channel_win.cc, line 346
[Child 14728, Chrome_ChildThread] WARNING: pipe error: 109: file z:/build/build/src/ipc/chromium/src/chrome/common/ipc_channel_win.cc, line 346

###!!! [Child][MessageChannel::SendAndWait] Error: Channel error: cannot send/recv

Unable to read VR Path Registry from C:\Users\Johns\AppData\Local\openvr\openvrpaths.vrpath
e/common/ipc_channel_win.cc, line 346
*** UTM:SVC TimerManager:registerTimer called after profile-before-change notification. Ignoring timer registration for id: telemetry_modules_ping

###!!! [Child][MessageChannel::SendAndWait] Error: Channel error: cannot send/recv

1517751829954	geckodriver	INFO	geckodriver 0.19.1
1517751829967	geckodriver	INFO	Listening on 127.0.0.1:54489
1517751833096	mozrunner::runner	INFO	Running command: "C:\\Program Files (x86)\\Mozilla Firefox\\firefox.exe" "-marionette" "-profile" "C:\\Users\\Johns\\AppData\\Local\\Temp\\rust_mozprofile.6yyXuaE0Noyk"
1517751834216	Marionette	INFO	Enabled via --marionette
1517751840471	Marionette	INFO	Listening on port 54499
1517751840949	Marionette	WARN	TLS certificate errors will be ignored for this session
Unable to read VR Path Registry from C:\Users\Johns\AppData\Local\openvr\openvrpaths.vrpath
[Child 15064, Chrome_ChildThread] WARNING: pipe error: 109: file z:/build/build/src/ipc/chromium/src/chrome/common/ipc_channel_win.cc, line 346
IPDL protocol error: Handler returned error code!

###!!! [Parent][DispatchAsyncMessage] Error: PLayerTransaction::Msg_ReleaseLayer Processing error: message was deserialized, but the handler returned false (indicating failure)

IPDL protocol error: Handler returned error code!

###!!! [Parent][DispatchAsyncMessage] Error: PLayerTransaction::Msg_ReleaseLayer Processing error: message was deserialized, but the handler returned false (indicating failure)

IPDL protocol error: Handler returned error code!

###!!! [Parent][DispatchAsyncMessage] Error: PLayerTransaction::Msg_ReleaseLayer Processing error: message was deserialized, but the handler returned false (indicating failure)

IPDL protocol error: Handler returned error code!

###!!! [Parent][DispatchAsyncMessage] Error: PLayerTransaction::Msg_ReleaseLayer Processing error: message was deserialized, but the handler returned false (indicating failure)

IPDL protocol error: Handler returned error code!

###!!! [Parent][DispatchAsyncMessage] Error: PLayerTransaction::Msg_ReleaseLayer Processing error: message was deserialized, but the handler returned false (indicating failure)

IPDL protocol error: Handler returned error code!

###!!! [Parent][DispatchAsyncMessage] Error: PLayerTransaction::Msg_ReleaseLayer Processing error: message was deserialized, but the handler returned false (indicating failure)

IPDL protocol error: Handler returned error code!

###!!! [Parent][DispatchAsyncMessage] Error: PLayerTransaction::Msg_ReleaseLayer Processing error: message was deserialized, but the handler returned false (indicating failure)

IPDL protocol error: Handler returned error code!

###!!! [Parent][DispatchAsyncMessage] Error: PLayerTransaction::Msg_ReleaseLayer Processing error: message was deserialized, but the handler returned false (indicating failure)

Unable to read VR Path Registry from C:\Users\Johns\AppData\Local\openvr\openvrpaths.vrpath
[Child 8396, Chrome_ChildThread] WARNING: pipe error: 109: file z:/build/build/src/ipc/chromium/src/chrome/common/ipc_channel_win.cc, line 346
Unable to read VR Path Registry from C:\Users\Johns\AppData\Local\openvr\openvrpaths.vrpath
[Parent 13772, Gecko_IOThread] WARNING: pipe error: 109: file z:/build/build/src/ipc/chromium/src/chrome/common/ipc_channel_win.cc, line 346

###!!! [Child][MessageChannel::SendAndWait] Error: Channel error: cannot send/recv

1517752379533	geckodriver	INFO	geckodriver 0.19.1
1517752379546	geckodriver	INFO	Listening on 127.0.0.1:55053
1517752382670	mozrunner::runner	INFO	Running command: "C:\\Program Files (x86)\\Mozilla Firefox\\firefox.exe" "-marionette" "-profile" "C:\\Users\\Johns\\AppData\\Local\\Temp\\rust_mozprofile.KymsVh4Yc1M7"
1517752383813	Marionette	INFO	Enabled via --marionette
1517752388046	Marionette	INFO	Listening on port 55063
1517752388404	Marionette	WARN	TLS certificate errors will be ignored for this session
Unable to read VR Path Registry from C:\Users\Johns\AppData\Local\openvr\openvrpaths.vrpath
[Parent 15540, Gecko_IOThread] WARNING: pipe error: 109: file z:/build/build/src/ipc/chromium/src/chrome/common/ipc_channel_win.cc, line 346
Unable to read VR Path Registry from C:\Users\Johns\AppData\Local\openvr\openvrpaths.vrpath
[Child 2416, Chrome_ChildThread] WARNING: pi1517752441986	Marionette	INFO	Listening on port 55179
1517752443017	Marionette	WARN	TLS certificate errors will be ignored for this session
Unable to read VR Path Registry from C:\Users\Johns\AppData\Local\openvr\openvrpaths.vrpath
[Parent 15544, Gecko_IOThread] WARNING: pipe error: 109: file z:/build/build/src/ipc/chromium/src/chrome/common/ipc_channel_win.cc, line 346
Unable to read VR Path Registry from C:\Users\Johns\AppData\Local\openvr\openvrpaths.vrpath
[Child 408, Chrome_ChildThread] WARNING: pipe error: 109: file z:/build/build/src/ipc/chromium/src/chrome/common/ipc_channel_win.cc, line 346
[Child 408, Chrome_ChildThread] WARNING: pipe error: 109: file z:/build/build/src/ipc/chromium/src/chrome/common/ipc_channel_win.cc, line 346
*** UTM:SVC TimerManager:registerTimer called after profile-before-change notification. Ignoring timer registration for id: telemetry_modules_ping

###!!! [Child][MessageChannel::SendAndWait] Error: Channel error: cannot send/recv

1517752559825	geckodriver	INFO	geckodriver 0.19.1
1517752559838	geckodriver	INFO	Listening on 127.0.0.1:55368
1517752562962	mozrunner::runner	INFO	Running command: "C:\\Program Files (x86)\\Mozilla Firefox\\firefox.exe" "-marionette" "-profile" "C:\\Users\\Johns\\AppData\\Local\\Temp\\rust_mozprofile.9zbjCgYojjtQ"
1517752564353	Marionette	INFO	Enabled via --marionette
1517752568731	Marionette	INFO	Listening on port 55378
1517752569200	Marionette	WARN	TLS certificate errors will be ignored for this session
Unable to read VR Path Registry from C:\Users\Johns\AppData\Local\openvr\openvrpaths.vrpath
[Parent 7276, Gecko_IOThread] WARNING: pipe error: 109: file z:/build/build/src/ipc/chromium/src/chrome/common/ipc_channel_win.cc, line 346
[Parent 7276, Gecko_IOThread] WARNING: pipe error: 109: file z:/build/build/src/ipc/chromium/src/chrome/common/ipc_channel_win.cc, line 346
[Parent 7276, Gecko_IOThread] WARNING: pipe error: 109: file z:/build/build/src/ipc/chromium/src/chrome/common/ipc_channel_win.cc, line 346

###!!! [Child][MessageChannel::SendAndWait] Error: Channel error: cannot send/recv

1517752982884	geckodriver	INFO	geckodriver 0.19.1
1517752982896	geckodriver	INFO	Listening on 127.0.0.1:55711
1517752986006	mozrunner::runner	INFO	Running command: "C:\\Program Files (x86)\\Mozilla Firefox\\firefox.exe" "-marionette" "-profile" "C:\\Users\\Johns\\AppData\\Local\\Temp\\rust_mozprofile.08ZqglHqd1BB"
1517752987142	Marionette	INFO	Enabled via --marionette
1517752991336	Marionette	INFO	Listening on port 55720
1517752991740	Marionette	WARN	TLS certificate errors will be ignored for this session
Unable to read VR Path Registry from C:\Users\Johns\AppData\Local\openvr\openvrpaths.vrpath
[Parent 6360, Gecko_IOThread] WARNING: pipe error: 109: file z:/build/build/src/ipc/chromium/src/chrome/common/ipc_channel_win.cc, line 346
Unable to read VR Path Registry from C:\Users\Johns\AppData\Local\openvr\openvrpaths.vrpath
[Child 16020, Chrome_ChildThread] WARNING: pipe error: 109: file z:/build/build/src/ipc/chromium/src/chrome/common/ipc_channel_win.cc, line 346
[Child 16020, Chrome_ChildThread] WARNING: pipe error: 109: file z:/build/build/src/ipc/chromium/src/chrome/common/ipc_channel_win.cc, line 346
[Parent 6360, Gecko_IOThread] WARNING: pipe error: 109: file z:/build/build/src/ipc/chromium/src/chrome/common/ipc_channel_win.cc, line 346
*** UTM:SVC TimerManager:registerTimer called after profile-before-change notification. Ignoring timer registration for id: telemetry_modules_ping

###!!! [Child][MessageChannel::SendAndWait] Error: Channel error: cannot send/recv

1517753050546	geckodriver	INFO	geckodriver 0.19.1
1517753050558	geckodriver	INFO	Listening on 127.0.0.1:55840
1517753053684	mozrunner::runner	INFO	Running command: "C:\\Program Files (x86)\\Mozilla Firefox\\firefox.exe" "-marionette" "-profile" "C:\\Users\\Johns\\AppData\\Local\\Temp\\rust_mozprofile.WtFsj8XzAVDI"
1517753054822	Marionette	INFO	Enabled via --marionette
1517753058760	Marionette	INFO	Listening on port 55850
1517753058967	Marionette	WARN	TLS certificate errors will be ignored for this session
Unable to read VR Path Registry from C:\Users\Johns\AppData\Local\openvr\openvrpaths.vrpath
[Parent 14128, Gecko_IOThread] WARNING: pipe error: 109: file z:/build/build/src/ipc/chromium/src/chrome/common/ipc_channel_win.cc, line 346
Unable to read VR Path Registry from C:\Users\Johns\AppData\Local\openvr\openvrpaths.vrpath
[Child 3524, Chrome_ChildThread] WARNING: pi1517753244181	Marionette	INFO	Listening on port 56094
1517753244285	Marionette	WARN	TLS certificate errors will be ignored for this session
Unable to read VR Path Registry from C:\Users\Johns\AppData\Local\openvr\openvrpaths.vrpath
[Child 7808, Chrome_ChildThread] WARNING: pipe error: 109: file z:/build/build/src/ipc/chromium/src/chrome/common/ipc_channel_win.cc, line 346
[Child 7808, Chrome_ChildThread] WARNING: pipe error: 109: file1517753291794	mozrunner::runner	INFO	Running command: "C:\\Program Files (x86)\\Mozilla Firefox\\firefox.exe" "-marionette" "-profile" "C:\\Users\\Johns\\AppData\\Local\\Temp\\rust_mozprofile.uMLrkGROSzQa"
1517753292961	Marionette	INFO	Enabled via --marionette
1517753296824	Marionette	INFO	Listening on port 56208
1517753297075	Marionette	WARN	TLS certificate errors will be ignored for this session
Unable to read VR Path Registry from C:\Users\Johns\AppData\Local\openvr\openvrpaths.vrpath
[Parent 10880, Gecko_IOThread] WARNING: pipe error: 109: file z:/build/build/src/ipc/chromium/src/chrome/common/ipc_channel_win.cc, line 346
[Parent 10880, Gecko_IOThread] WARNING: pipe error: 109: file z:/build/build/src/ipc/chromium/src/chrome/common/ipc_channel_win.cc, line 346

###!!! [Child][MessageChannel::SendAndWait] Error: Channel error: cannot send/recv

s.vrpath
[Child 868, Chrome_ChildThread] WARNING: pipe error: 109: file z:/build/build/src/ipc/chromium/src/chrome/common/ipc_channel_win.cc, line 346
*** UTM:SVC TimerManager:registerTimer called after profile-before-change notification. Ignoring timer registration for id: telemetry_modules_ping

###!!! [Child][MessageChannel::SendAndWait] Error: Channel error: cannot send/recv

1517753363827	geckodriver	INFO	geckodriver 0.19.1
1517753363839	geckodriver	INFO	Listening on 127.0.0.1:56352
1517753366948	mozrunner::runner	INFO	Running command: "C:\\Program Files (x86)\\Mozilla Firefox\\firefox.exe" "-marionette" "-profile" "C:\\Users\\Johns\\AppData\\Local\\Temp\\rust_mozprofile.lOAkeoXGTYK4"
1517753368058	Marionette	INFO	Enabled via --marionette
1517753372287	Marionette	INFO	Listening on port 56363
1517753372683	Marionette	WARN	TLS certificate errors will be ignored for this session
Unable to read VR Path Registry from C:\Users\Johns\AppData\Local\openvr\openvrpaths.vrpath
[Parent 7400, Gecko_IOThread] WARNING: pipe error: 109: file z:/build/build/src/ipc/chromium/src/chrome/common/ipc_channel_win.cc, line 346
Unable to read VR Path Registry from C:\Users\Johns\AppData\Local\openvr\openvrpaths.vrpath
[Child 8680, Chrome_ChildThread] WARNING: pipe error: 109: file z:/build/build/src/ipc/chromium/src/chrome/common/ipc_channel_win.cc, line 346
[Parent 7400, Gecko_IOThread] WARNING: pipe error: 109: file z:/build/build/src/ipc/chromium/src/chrome/common/ipc_channel_win.cc, line 346
[Parent 7400, Gecko_IOThread] WARNING: pipe error: 109: file z:/build/build/src/ipc/chromium/src/chrome/common/ipc_channel_win.cc, line 346

###!!! [Child][MessageChannel::SendAndWait] Error: Channel error: cannot send/recv

 certificate errors will be ignored for this session
IPDL protocol error: Handler returned error code!

###!!! [Parent][DispatchAsyncMessage] Error: PLayerTransaction::Msg_ReleaseLayer Processing error: message was deserialized, but the handler returned false (indicating failure)

Unable to read VR Path Registry from C:\Users\Johns\AppData\Local\openvr\openvrpaths.vrpath
[Parent 6504, Gecko_IOThread] WARNING: pipe error: 109: file z:/build/build/src/ipc/chromium/src/chrome/common/ipc_channel_win.cc, line 346
IPDL protocol error: Handler returned error code!

###!!! [Parent][DispatchAsyncMessage] Error: PLayerTransaction::Msg_ReleaseLayer Processing error: message was deserialized, but the handler returned false (indicating failure)

[Parent 6504, Gecko_IOThread] WARNING: pipe error: 109: file z:/build/build/src/ipc/chromium/src/chrome/common/ipc_channel_win.cc, line 346
Unable to read VR Path Registry from C:\Users\Johns\AppData\Local\openvr\openvrpaths.vrpath
[Child 1364, Chrome_ChildThread] WARNING: pipe error: 109: file z:/build/build/src/ipc/chromium/src/chrome/common/ipc_channel_win.cc, line 346
[Parent 6504, Gecko_IOThread] WARNING: pipe error: 109: file z:/build/build/src/ipc/chromium/src/chrome/common/ipc_channel_win.cc, line 346
Unable to read VR Path Registry from C:\Users\Johns\AppData\Local\openvr\openvrpaths.vrpath
[Child 7784, Chrome_ChildThread] WARNING: pipe error: 109: file z:/build/build/src/ipc/chromium/src/chrome/common/ipc_channel_win.cc, line 346
*** UTM:SVC TimerManager:registerTimer called after profile-before-change notification. Ignoring timer registration for id: telemetry_modules_ping

###!!! [Child][MessageChannel::SendAndWait] Error: Channel error: cannot send/recv

1517753568698	geckodriver	INFO	geckodriver 0.19.1
1517753568710	geckodriver	INFO	Listening on 127.0.0.1:56661
1517753571821	mozrunner::runner	INFO	Running command: "C:\\Program Files (x86)\\Mozilla Firefox\\firefox.exe" "-marionette" "-profile" "C:\\Users\\Johns\\AppData\\Local\\Temp\\rust_mozprofile.ikzD6mBv0mqU"
1517753573913	Marionette	INFO	Enabled via --marionette
1517753577846	Marionette	INFO	Listening on port 56669
1517753578104	Marionette	WARN	TLS certificate errors will be ignored for this session
Unable to read VR Path Registry from C:\Users\Johns\AppData\Local\openvr\openvrpaths.vrpath
[Parent 13160, Ge1517753618039	mozrunner::runner	INFO	Running command: "C:\\Program Files (x86)\\Mozilla Firefox\\firefox.exe" "-marionette" "-profile" "C:\\Users\\Johns\\AppData\\Local\\Temp\\rust_mozprofile.kCJdaUQG2OY1"
1517753619272	Marionette	INFO	Enabled via --marionette
1517753623220	Marionette	INFO	Listening on port 56785
1517753623308	Marionette	WARN	TLS certificate errors will be ignored for this session
Unable to read VR Path Registry from C:\Users\Johns\AppData\Local\openvr\openvrpaths.vrpath
[Parent 12852, Gecko_IOThread] WARNING: pipe error: 109: file z:/build/build/src/ipc/chromium/src/chrome/common/ipc_channel_win.cc, line 346
Unable to read VR Path Registry from C:\Users\Johns\AppData\Local\openvr\openvrpaths.vrpath
[Child 9572, Chrome_ChildThread] WARNING: pipe error: 109: file z:/build/build/src/ipc/chromium/src/chrome/common/ipc_channel_win.cc, line 346
[Child 9572, Chrome_ChildThread] WARNING: pipe error: 109: file z:/build/build/src/ipc/chromium/src/chrome/common/ipc_channel_win.cc, line 346
Unable to read VR Path Registry from C:\Users\Johns\AppData\Local\openvr\openvrpaths.vrpath
[Child 13820, Chrome_ChildThread] WARNING: pipe error: 109: file z:/build/build/src/ipc/chromium/src/chrome/common/ipc_channel_win.cc, line 346
[Child 13820, Chrome_ChildThread] WARNING: pipe error: 109: file z:/build/build/src/ipc/chromium/src/chrome/common/ipc_channel_win.cc, line 346

###!!! [Child][MessageChannel::SendAndWait] Error: Channel error: cannot send/recv

755196699	mozrunner::runner	INFO	Running command: "C:\\Program Files (x86)\\Mozilla Firefox\\firefox.exe" "-marionette" "-profile" "C:\\Users\\Johns\\AppData\\Local\\Temp\\rust_mozprofile.pVAzWWjk1bXF"
1517755197906	Marionette	INFO	Enabled via --marionette
1517755201673	Marionette	INFO	Listening on port 59169
1517755201936	Marionette	WARN	TLS certificate errors will be ignored for this session
Unable to read VR Path Registry from C:\Users\Johns\AppData\Local\openvr\openvrpaths.vrpath
[Child 11524, Chrome_ChildThread] WARNING: pipe error: 109: file z:/build/build/src/ipc/chromium/src/chrome/common/ipc_channel_win.cc, line 346
[Child 11524, Chrome_ChildThread] WARNING: pipe error: 109: file z:/build/build/src/ipc/chromium/src/chrome/common/ipc_channel_win.cc, line 346
Unable to read VR Path Registry from C:\Users\Johns\AppData\Local\openvr\openvrpaths.vrpath
[Parent 14080, Gecko_IOThread] WARNING: pipe error: 109: file z:/build/build/src/ipc/chromium/src/chrome/common/ipc_channel_win.cc, line 346
Unable to read VR Path Registry from C:\Users\Johns\AppData\Local\openvr\openvrpaths.vrpath
[Child 11080, Chrome_ChildThread] WARNING: pipe error: 109: file z:/build/build/src/ipc/chromium/src/chrome/common/ipc_channel_win.cc, line 346
[Child 11080, Chrome_ChildThread] WARNING: pipe error: 109: file z:/build/build/src/ipc/chromium/src/chrome/common/ipc_channel_win.cc, line 346
Unable to read VR Path Registry from C:\Users\Johns\AppData\Local\openvr\openvrpaths.vrpath
[Child 10908, Chrome_ChildThread] WARNING: pipe error: 109: file z:/build/build/src/ipc/chromium/src/chrome/common/ipc_channel_win.cc, line 346
[Child 10908, Chrome_ChildThread] WARNING: pipe error: 109: file z:/build/build/src/ipc/chromium/src/chrome/common/ipc_channel_win.cc, line 346
[Parent 14080, Gecko_IOThread] WARNING: pipe error: 109: file z:/build/build/src/ipc/chromium/src/chrome/common/ipc_channel_win.cc, line 346
Unable to read VR Path Registry from C:\Users\Johns\AppData\Local\openvr\openvrpaths.vrpath
[Child 13136, Chrome_ChildThread] WARNING: pipe error: 109: file z:/build/build/src/ipc/chromium/src/chrome/common/ipc_channel_win.cc, line 346

###!!! [Child][MessageChannel::SendAndWait] Error: Channel error: cannot send/recv

O	Enabled via --marionette
1517755516578	Marionette	INFO	Listening on port 59924
1517755517037	Marionette	WARN	TLS certificate errors will be ignored for this session
Unable to read VR Path Registry from C:\Users\Johns\AppData\Local\openvr\openvrpaths.vrpath
[Child 15888, Chrome_ChildThread] WARNING: pipe error: 109: file z:/build/build/src/ipc/chromium/src/chrome/common/ipc_channel_win.cc, line 346
*** UTM:SVC TimerManager:registerTimer called after profile-before-change notification. Ignoring timer registration for id: telemetry_modules_ping

###!!! [Child][MessageChannel::SendAndWait] Error: Channel error: cannot send/recv

Unable to read VR Path Registry from C:\Users\Johns\AppData\Local\openvr\openvrpaths.vrpath
1517755632245	geckodriver	INFO	geckodriver 0.19.1
1517755632258	geckodriver	INFO	Listening on 127.0.0.1:60181
1517755635389	mozrunner::runner	INFO	Running command: "C:\\Program Files (x86)\\Mozilla Firefox\\firefox.exe" "-marionette" "-profile" "C:\\Users\\Johns\\AppData\\Local\\Temp\\rust_mozprofile.oOFsPT3Gf7YR"
1517755636504	Marionette	INFO	Enabled via --marionette
1517755640502	Marionette	INFO	Listening on port 60195
1517755640645	Marionette	WARN	TLS certificate errors will be ignored for this session
Unable to read VR Path Registry from C:\Users\Johns\AppData\Local\openvr\openvrpaths.vrpath
[Parent 8992, Gecko_IOThread] WARNING: pipe error: 109: file z:/build/build/src/ipc/chromium/src/chrome/common/ipc_channel_win.cc, line 346

###!!! [Child][MessageChannel::SendAndWait] Error: Channel error: cannot send/recv

5703586	Marionette	INFO	Enabled via --marionette
1517755708148	Marionette	INFO	Listening on port 60397
1517755708621	Marionette	WARN	TLS certificate errors will be ignored for this session
Unable to read VR Path Registry from C:\Users\Johns\AppData\Local\openvr\openvrpaths.vrpath
[Parent 9740, Gecko_IOThread] WARNING: pipe error: 109: file z:/build/build/src/ipc/chromium/src/chrome/common/ipc_channel_win.cc, line 346
Unable to read VR Path Registry from C:\Users\Johns\AppData\Local\openvr\openvrpaths.vrpath
[Child 6456, Chrome_ChildThread] WARNING: pipe error: 109: file z:/build/build/src/ipc/chromium/src/chrome/common/ipc_channel_win.cc, line 346

###!!! [Child][MessageChannel::SendAndWait] Error: Channel error: cannot send/recv

\Johns\AppData\Local\openvr\openvrpaths.vrpath
[Child 13560, Chrome_ChildThread] WARNING: pipe error: 109: file z:/build/build/src/ipc/chromium/src/chrome/common/ipc_channel_win.cc, line 346
[Child 13560, Chrome_ChildThread] WARNING: pipe error: 109: file z:/build/build/src/ipc/chromium/src/chrome/common/ipc_channel_win.cc, line 346

###!!! [Child][MessageChannel::SendAndWait] Error: Channel error: cannot send/recv

Unable to read VR Path Registry from C:\Users\Johns\AppData\Local\openvr\openvrpaths.vrpath
s\AppData\Local\openvr\openvrpaths.vrpath
[Parent 9748, Gecko_IOThread] WARNING: pipe error: 109: file z:/build/build/src/ipc/chromium/src/chrome/common/ipc_channel_win.cc, line 346
Unable to read VR Path Registry from C:\Users\Johns\AppData\Local\openvr\openvrpaths.vrpath
[Child 2892, Chrome_ChildThread] WARNING: pipe error: 109: file z:/build/build/src/ipc/chromium/src/chrome/common/ipc_channel_win.cc, line 346
[Child 2892, Chrome_ChildThread] WARNING: pipe error: 109: file z:/build/build/src/ipc/chromium/src/chrome/common/ipc_channel_win.cc, line 346
Unable to read VR Path Registry from C:\Users\Johns\AppData\Local\openvr\openvrpaths.vrpath
[Child 14308, Chrome_ChildThread] WARNING: pipe error: 109: file z:/build/build/src/ipc/chromium/src/chrome/common/ipc_channel_win.cc, line 346
[Child 14308, Chrome_ChildThread] WARNING: pipe error: 109: file z:/build/build/src/ipc/chromium/src/chrome/common/ipc_channel_win.cc, line 346

###!!! [Child][MessageChannel::SendAndWait] Error: Channel error: cannot send/recv

1517756135178	geckodriver	INFO	geckodriver 0.19.1
1517756135190	geckodriver	INFO	Listening on 127.0.0.1:61432
1517756138333	mozrunner::runner	INFO	Running command: "C:\\Program Files (x86)\\Mozilla Firefox\\firefox.exe" "-marionette" "-profile" "C:\\Users\\Johns\\AppData\\Local\\Temp\\rust_mozprofile.ohfY0fl4elYT"
1517756140512	Marionette	INFO	Enabled via --marionette
1517756145057	Marionette	INFO	Listening on port 61445
1517756145674	Marionette	WARN	TLS certificate errors will be ignored for this session
Unable to read VR Path Registry from C:\Users\Johns\AppData\Local\openvr\openvrpaths.vrpath
[Child 12868, Chrome_ChildThread] WARNING: pipe error: 109: file z:/build/build/src/ipc/chromium/src/chrome/common/ipc_channel_win.cc, line 346
Unable to read VR Path Registry from C:\Users\Johns\AppData\Local\openvr\openvrpaths.vrpath
[Child 9952, Chrome_ChildThread] WARNING: pipe error: 109: file z:/build/build/src/ipc/chromium/src/chrome/common/ipc_channel_win.cc, line 346
[Child 9952, Chrome_ChildThread] WARNING: pipe error: 109: file z:/build/build/src/ipc/chromium/src/chrome/common/ipc_channel_win.cc, line 346
Unable to read VR Path Registry from C:\Users\Johns\AppData\Local\openvr\openvrpaths.vrpath
[Parent 13160, Gecko_IOThread] WARNING: pipe error: 109: file z:/build/build/src/ipc/chromium/src/chrome/common/ipc_channel_win.cc, line 346
*** UTM:SVC TimerManager:registerTimer called after profile-before-change notification. Ignoring timer registration for id: telemetry_modules_ping

###!!! [Child][MessageChannel::SendAndWait] Error: Channel error: cannot send/recv

1517756376551	geckodriver	INFO	geckodriver 0.19.1
1517756376567	geckodriver	INFO	Listening on 127.0.0.1:62045
1517756379651	mozrunner::runner	INFO	Running command: "C:\\Program Files (x86)\\Mozilla Firefox\\firefox.exe" "-marionette" "-profile" "C:\\Users\\Johns\\AppData\\Local\\Temp\\rust_mozprofile.p8QuT6NB7ocX"
1517756381996	Marionette	INFO	Enabled via --marionette
1517756387214	Marionette	INFO	Listening on port 62057
1517756387519	Marionette	WARN	TLS certificate errors will be ignored for this session
Unable to read VR Path Registry from C:\Users\Johns\AppData\Local\openvr\openvrpaths.vrpath
[Child 10200, Chrome_ChildThread] WARNING: pipe error: 109: file z:/build/build/src/ipc/chromium/src/chrome/common/ipc_channel_win.cc, line 346
[Child 10200, Chrome_ChildThread] WARNING: pipe error: 109: file z:/build/build/src/ipc/chromium/src/chrome/common/ipc_channel_win.cc, line 346
Unable to read VR Path Registry from C:\Users\Johns\AppData\Local\openvr\openvrpaths.vrpath
[Child 11308, Chrome_ChildThread] WARNING: pipe error: 109: file z:/build/build/src/ipc/chromium/src/chrome/common/ipc_channel_win.cc, line 346
[Child 11308, Chrome_ChildThread] WARNING: pipe error: 109: file z:/build/build/src/ipc/chromium/src/chrome/common/ipc_channel_win.cc, line 346
Unable to read VR Path Registry from C:\Users\Johns\AppData\Local\openvr\openvrpaths.vrpath
[Parent 7660, Gecko_IOThread] WARNING: pipe error: 109: file z:/build/build/src/ipc/chromium/src/chrome/common/ipc_channel_win.cc, line 346
*** UTM:SVC TimerManager:registerTimer called after profile-before-change notification. Ignoring timer registration for id: telemetry_modules_ping
1517756475864	geckodriver	INFO	geckodriver 0.19.1
1517756475877	geckodriver	INFO	Listening on 127.0.0.1:62311
1517756478985	mozrunner::runner	INFO	Running command: "C:\\Program Files (x86)\\Mozilla Firefox\\firefox.exe" "-marionette" "-profile" "C:\\Users\\Johns\\AppData\\Local\\Temp\\rust_mozprofile.1rA5Mo8RsKrH"
1517756481262	Marionette	INFO	Enabled via --marionette
1517756485691	Marionette	INFO	Listening on port 62325
1517756486331	Marionette	WARN	TLS certificate errors will be ignored for this session
Unable to read VR Path Registry from C:\Users\Johns\AppData\Local\openvr\openvrpaths.vrpath
[Parent 7484, Gecko_IOThread] WARNING: pipe error: 109: file z:/build/build/src/ipc/chromium/src/chrome/common/ipc_channel_win.cc, line 346
[Parent 7484, Gecko_IOThread] WARNING: pipe error: 109: file z:/build/build/src/ipc/chromium/src/chrome/common/ipc_channel_win.cc, line 346
Unable to read VR Path Registry from C:\Users\Johns\AppData\Local\openvr\openvrpaths.vrpath
[Child 1304, Chrome_ChildThread] WARNING: pipe error: 109: file z:/build/build/src/ipc/chromium/src/chrome/common/ipc_channel_win.cc, line 346
[Child 1304, Chrome_ChildThread] WARNING: pipe error: 109: file z:/build/build/src/ipc/chromium/src/chrome/common/ipc_channel_win.cc, line 346
[Parent 7484, Gecko_IOThread] WARNING: pipe error: 109: file z:/build/build/src/ipc/chromium/src/chrome/common/ipc_channel_win.cc, line 346

###!!! [Child][MessageChannel::SendAndWait] Error: Channel error: cannot send/recv

1517756700962	geckodriver	INFO	geckodriver 0.19.1
1517756700974	geckodriver	INFO	Listening on 127.0.0.1:62887
1517756704075	mozrunner::runner	INFO	Running command: "C:\\Program Files (x86)\\Mozilla Firefox\\firefox.exe" "-marionette" "-profile" "C:\\Users\\Johns\\AppData\\Local\\Temp\\rust_mozprofile.gWXxldvM0XbY"
1517756705305	Marionette	INFO	Enabled via --marionette
1517756709715	Marionette	INFO	Listening on port 62900
1517756709815	Marionette	WARN	TLS certificate errors will be ignored for this session
Unable to read VR Path Registry from C:\Users\Johns\AppData\Local\openvr\openvrpaths.vrpath
[Parent 8768, Gec1517756727306	mozrunner::runner	INFO	Running command: "C:\\Program Files (x86)\\Mozilla Firefox\\firefox.exe" "-marionette" "-profile" "C:\\Users\\Johns\\AppData\\Local\\Temp\\rust_mozprofile.umQLVk9ML5V3"
1517756728682	Marionette	INFO	Enabled via --marionette
1517756732973	Marionette	INFO	Listening on port 63006
1517756733071	Marionette	WARN	TLS certificate errors will be ignored for this session
rs\Johns\AppData\Local\openvr\openvrpaths.vrpath
[Child 15672, Chrome_ChildThread] WARNING: pipe error: 109: file z:/build/build/src/ipc/chromium/src/chrome/common/ipc_channel_win.cc, line 346
[Child 15672, Chrome_ChildThread] WARNING: pipe error: 109: file z:/build/build/src/ipc/chromium/src/chrome/common/ipc_channel_win.cc, line 346
*** UTM:SVC TimerManager:registerTimer called after profile-before-change notification. Ignoring timer registration for id: telemetry_modules_ping

###!!! [Child][MessageChannel::SendAndWait] Error: Channel error: cannot send/recv

1517756829439	geckodriver	INFO	geckodriver 0.19.1
1517756829452	geckodriver	INFO	Listening on 127.0.0.1:63266
1517756832573	mozrunner::runner	INFO	Running command: "C:\\Program Files (x86)\\Mozilla Firefox\\firefox.exe" "-marionette" "-profile" "C:\\Users\\Johns\\AppData\\Local\\Temp\\rust_mozprofile.qpvZStC1C8pp"
1517756833767	Marionette	INFO	Enabled via --marionette
1517756838138	Marionette	INFO	Listening on port 63280
1517756838318	Marionette	WARN	TLS certificate errors will be ignored for this session
Unable to read VR Path Registry from C:\Users\Johns\AppData\Local\openvr\openvrpaths.vrpath
[Child 8572, Chrome_ChildThread] WARNING: pipe error: 109: file z:/build/build/src/ipc/chromium/src/chrome/common/ipc_channel_win.cc, line 346
[Child 8572, Chrome_ChildThread] WARNING: pipe error: 109: file z:/build/build/src/ipc/chromium/src/chrome/common/ipc_channel_win.cc, line 346
Unable to read VR Path Registry from C:\Users\Johns\AppData\Local\openvr\openvrpaths.vrpath
[Child 15704, Chrome_ChildThread] WARNING: pipe error: 109: file z:/build/build/src/ipc/chromium/src/chrome/common/ipc_channel_win.cc, line 346
[Child 15704, Chrome_ChildThread] WARNING: pipe error: 109: file z:/build/build/src/ipc/chromium/src/chrome/common/ipc_channel_win.cc, line 346
Unable to read VR Path Registry from C:\Users\Johns\AppData\Local\openvr\openvrpaths.vrpath
[Parent 9028, Gecko_IOThread] WARNING: pipe error: 109: file z:/build/build/src/ipc/chromium/src/chrome/common/ipc_channel_win.cc, line 346

###!!! [Child][MessageChannel::SendAndWait] Error: Channel error: cannot send/recv

1517757010540	geckodriver	INFO	geckodriver 0.19.1
1517757010552	geckodriver	INFO	Listening on 127.0.0.1:63731
1517757015043	geckodriver	INFO	geckodriver 0.19.1
1517757015055	geckodriver	INFO	Listening on 127.0.0.1:63742
1517757018179	mozrunner::runner	INFO	Running command: "C:\\Program Files (x86)\\Mozilla Firefox\\firefox.exe" "-marionette" "-profile" "C:\\Users\\Johns\\AppData\\Local\\Temp\\rust_mozprofile.a3PerkD6p8zr"
1517757019508	Marionette	INFO	Enabled via --marionette
1517757023801	Marionette	INFO	Listening on port 63755
1517757023990	Marionette	WARN	TLS certificate errors will be ignored for this session
Unable to read VR Path Registry from C:\Users\Johns\AppData\Local\openvr\openvrpaths.vrpath
[Parent 13512, Gecko_IOThread] WARNING: pipe error: 109: file z:/build/build/src/ipc/chromium/src/chrome/common/ipc_channel_win.cc, line 346
Unable to read VR Path Registry from C:\Users\Johns\AppData\Local\openvr\openvrpaths.vrpath
[Child 14804, Chrome_ChildThread] WARNING: pipe error: 109: file z:/build/build/src/ipc/chromium/src/chrome/common/ipc_channel_win.cc, line 346
[Child 14804, Chrome_ChildThread] WARNING1517757287384	addons.productaddons	WARN	Failed downloading XML, status: 0, reason: error
1517757287393	addons.productaddons	WARN	Failed downloading via XHR, status: 0, reason: error
1517757287397	addons.productaddons	WARN	Failed downloading via XHR, status: 0, reason: error
rc/ipc/chromium/src/chrome/common/ipc_channel_win.cc, line 346
[Child 11632, Chrome_ChildThread] WARNING: pipe error: 109: file z:/build/build/src/ipc/chromium/src/chrome/common/ipc_channel_win.cc, line 346
[Parent 13512, Gecko_IOThread] WARNING: pipe error: 109: file z:/build/build/src/ipc/chromium/src/chrome/common/ipc_channel_win.cc, line 346

###!!! [Child][MessageChannel::SendAndWait] Error: Channel error: cannot send/recv

n/ipc_channel_win.cc, line 346
Unable to read VR Path Registry from C:\Users\Johns\AppData\Local\openvr\openvrpaths.vrpath
[Child 7280, Chrome_ChildThread] WARNING: pipe error: 109: file z:/build/build/src/ipc/chromium/src/chrome/common/ipc_channel_win.cc, line 346
[Child 7280, Chrome_ChildThread] WARNING: pipe error: 109: file z:/build/build/src/ipc/chromium/src/chrome/common/ipc_channel_win.cc, line 346
Unable to read VR Path Registry from C:\Users\Johns\AppData\Local\openvr\openvrpaths.vrpath
[Child 15552, Chrome_ChildThread] WARNING: pipe error: 109: file z:/build/build/src/ipc/chromium/src/chrome/common/ipc_channel_win.cc, line 346
[Child 15552, Chrome_ChildThread] WARNING: pipe error: 109: file z:/build/build/src/ipc/chromium/src/chrome/common/ipc_channel_win.cc, line 346
*** UTM:SVC TimerManager:registerTimer called after profile-before-change notification. Ignoring timer registration for id: telemetry_modules_ping

###!!! [Child][MessageChannel::SendAndWait] Error: Channel error: cannot send/recv

